<?xml version="1.0" encoding="UTF-8" ?>
<testsuite errors="0" failures="0" hostname="reroes" name="paquete1.EstudianteTest" skipped="0" tests="8" time="0.101" timestamp="2021-07-07T18:03:25">
  <properties>
[...]
</properties>
  <testcase classname="paquete1.EstudianteTest" name="testObtenerIdentificacionEstudiante" time="0.001" />
  <testcase classname="paquete1.EstudianteTest" name="testObtenerApellidoEstudiante" time="0.0" />
  <testcase classname="paquete1.EstudianteTest" name="testEstablecerIdentificacionEstudiante" time="0.0" />
  <testcase classname="paquete1.EstudianteTest" name="testEstablecerNombresEstudiante" time="0.0" />
  <testcase classname="paquete1.EstudianteTest" name="testObtenerEdadEstudiante" time="0.0" />
  <testcase classname="paquete1.EstudianteTest" name="testEstablecerEdadEstudiante" time="0.0" />
  <testcase classname="paquete1.EstudianteTest" name="testObtenerNombresEstudiante" time="0.0" />
  <testcase classname="paquete1.EstudianteTest" name="testEstablecerApellidoEstudiante" time="0.0" />
  <system-out><![CDATA[obtenerIdentificacionEstudiante
obtenerApellidoEstudiante
establecerIdentificacionEstudiante
establecerNombresEstudiante
obtenerEdadEstudiante
establecerEdadEstudiante
obtenerNombresEstudiante
establecerApellidoEstudiante
]]></system-out>
  <system-err><![CDATA[]]></system-err>
</testsuite>
